<?xml version="1.0" encoding="UTF-8"?>
<coverage generated="1623818625317" clover="3.2.0">
  <project timestamp="1623818625317" name="All files">
    <metrics statements="72" coveredstatements="71" conditionals="28" coveredconditionals="27" methods="23" coveredmethods="23" elements="123" coveredelements="121" complexity="0" loc="72" ncloc="72" packages="3" files="9" classes="9"/>
    <package name="src">
      <metrics statements="27" coveredstatements="26" conditionals="8" coveredconditionals="7" methods="6" coveredmethods="6"/>
      <file name="Authorizer.ts" path="D:\Documentos\NuBank\src\Authorizer.ts">
        <metrics statements="11" coveredstatements="10" conditionals="6" coveredconditionals="5" methods="3" coveredmethods="3"/>
        <line num="1" count="1" type="stmt"/>
        <line num="5" count="1" type="stmt"/>
        <line num="9" count="8" type="stmt"/>
        <line num="10" count="8" type="stmt"/>
        <line num="14" count="6" type="cond" truecount="1" falsecount="1"/>
        <line num="15" count="0" type="stmt"/>
        <line num="18" count="6" type="stmt"/>
        <line num="23" count="9" type="stmt"/>
        <line num="24" count="9" type="cond" truecount="2" falsecount="0"/>
        <line num="25" count="4" type="stmt"/>
        <line num="27" count="9" type="cond" truecount="2" falsecount="0"/>
      </file>
      <file name="TransactionEvaluator.ts" path="D:\Documentos\NuBank\src\TransactionEvaluator.ts">
        <metrics statements="16" coveredstatements="16" conditionals="2" coveredconditionals="2" methods="3" coveredmethods="3"/>
        <line num="4" count="2" type="stmt"/>
        <line num="5" count="2" type="stmt"/>
        <line num="6" count="2" type="stmt"/>
        <line num="7" count="2" type="stmt"/>
        <line num="8" count="2" type="stmt"/>
        <line num="12" count="2" type="stmt"/>
        <line num="13" count="9" type="stmt"/>
        <line num="17" count="9" type="stmt"/>
        <line num="18" count="9" type="stmt"/>
        <line num="19" count="9" type="stmt"/>
        <line num="20" count="9" type="stmt"/>
        <line num="21" count="9" type="stmt"/>
        <line num="25" count="16" type="stmt"/>
        <line num="26" count="16" type="stmt"/>
        <line num="27" count="80" type="cond" truecount="2" falsecount="0"/>
        <line num="29" count="16" type="stmt"/>
      </file>
    </package>
    <package name="src.rules.transaction">
      <metrics statements="31" coveredstatements="31" conditionals="20" coveredconditionals="20" methods="11" coveredmethods="11"/>
      <file name="AccountInitializedRule.ts" path="D:\Documentos\NuBank\src\rules\transaction\AccountInitializedRule.ts">
        <metrics statements="5" coveredstatements="5" conditionals="2" coveredconditionals="2" methods="2" coveredmethods="2"/>
        <line num="5" count="3" type="stmt"/>
        <line num="7" count="18" type="cond" truecount="2" falsecount="0"/>
        <line num="8" count="15" type="stmt"/>
        <line num="10" count="3" type="stmt"/>
        <line num="13" count="2" type="stmt"/>
      </file>
      <file name="CardNotActiveRule.ts" path="D:\Documentos\NuBank\src\rules\transaction\CardNotActiveRule.ts">
        <metrics statements="5" coveredstatements="5" conditionals="4" coveredconditionals="4" methods="2" coveredmethods="2"/>
        <line num="5" count="3" type="stmt"/>
        <line num="7" count="18" type="cond" truecount="4" falsecount="0"/>
        <line num="8" count="3" type="stmt"/>
        <line num="10" count="15" type="stmt"/>
        <line num="13" count="2" type="stmt"/>
      </file>
      <file name="DoubledTransactionRule.ts" path="D:\Documentos\NuBank\src\rules\transaction\DoubledTransactionRule.ts">
        <metrics statements="9" coveredstatements="9" conditionals="6" coveredconditionals="6" methods="3" coveredmethods="3"/>
        <line num="4" count="3" type="stmt"/>
        <line num="6" count="3" type="stmt"/>
        <line num="8" count="18" type="stmt"/>
        <line num="9" count="18" type="stmt"/>
        <line num="10" count="18" type="cond" truecount="4" falsecount="0"/>
        <line num="11" count="18" type="cond" truecount="2" falsecount="0"/>
        <line num="12" count="14" type="stmt"/>
        <line num="14" count="4" type="stmt"/>
        <line num="17" count="3" type="stmt"/>
      </file>
      <file name="HighFreqSIntervalRule.ts" path="D:\Documentos\NuBank\src\rules\transaction\HighFreqSIntervalRule.ts">
        <metrics statements="7" coveredstatements="7" conditionals="4" coveredconditionals="4" methods="2" coveredmethods="2"/>
        <line num="5" count="3" type="stmt"/>
        <line num="7" count="19" type="stmt"/>
        <line num="8" count="19" type="stmt"/>
        <line num="10" count="19" type="cond" truecount="4" falsecount="0"/>
        <line num="11" count="4" type="stmt"/>
        <line num="13" count="15" type="stmt"/>
        <line num="16" count="3" type="stmt"/>
      </file>
      <file name="InsufficientLimitRule.ts" path="D:\Documentos\NuBank\src\rules\transaction\InsufficientLimitRule.ts">
        <metrics statements="5" coveredstatements="5" conditionals="4" coveredconditionals="4" methods="2" coveredmethods="2"/>
        <line num="5" count="3" type="stmt"/>
        <line num="7" count="18" type="cond" truecount="4" falsecount="0"/>
        <line num="8" count="3" type="stmt"/>
        <line num="10" count="15" type="stmt"/>
        <line num="13" count="2" type="stmt"/>
      </file>
    </package>
    <package name="src.types">
      <metrics statements="14" coveredstatements="14" conditionals="0" coveredconditionals="0" methods="6" coveredmethods="6"/>
      <file name="Account.ts" path="D:\Documentos\NuBank\src\types\Account.ts">
        <metrics statements="10" coveredstatements="10" conditionals="0" coveredconditionals="0" methods="5" coveredmethods="5"/>
        <line num="2" count="8" type="stmt"/>
        <line num="4" count="8" type="stmt"/>
        <line num="11" count="28" type="stmt"/>
        <line num="12" count="28" type="stmt"/>
        <line num="13" count="28" type="stmt"/>
        <line num="14" count="28" type="stmt"/>
        <line num="18" count="6" type="stmt"/>
        <line num="19" count="6" type="stmt"/>
        <line num="23" count="14" type="stmt"/>
        <line num="27" count="34" type="stmt"/>
      </file>
      <file name="Transaction.ts" path="D:\Documentos\NuBank\src\types\Transaction.ts">
        <metrics statements="4" coveredstatements="4" conditionals="0" coveredconditionals="0" methods="1" coveredmethods="1"/>
        <line num="1" count="7" type="stmt"/>
        <line num="6" count="39" type="stmt"/>
        <line num="7" count="39" type="stmt"/>
        <line num="8" count="39" type="stmt"/>
      </file>
    </package>
  </project>
</coverage>
