{"D:\\Documentos\\NuBank\\src\\Authorizer.ts": {"path":"D:\\Documentos\\NuBank\\src\\Authorizer.ts","statementMap":{"0":{"start":{"line":1,"column":0},"end":{"line":1,"column":58}},"1":{"start":{"line":9,"column":8},"end":{"line":9,"column":28}},"2":{"start":{"line":10,"column":8},"end":{"line":10,"column":63}},"3":{"start":{"line":14,"column":8},"end":{"line":19,"column":null}},"4":{"start":{"line":15,"column":12},"end":{"line":15,"column":49}},"5":{"start":{"line":18,"column":12},"end":{"line":18,"column":35}},"6":{"start":{"line":23,"column":25},"end":{"line":23,"column":88}},"7":{"start":{"line":24,"column":8},"end":{"line":26,"column":null}},"8":{"start":{"line":25,"column":12},"end":{"line":25,"column":53}},"9":{"start":{"line":27,"column":8},"end":{"line":27,"column":null}},"10":{"start":{"line":5,"column":0},"end":{"line":5,"column":21}}},"fnMap":{"0":{"name":"(anonymous_1)","decl":{"start":{"line":8,"column":4},"end":{"line":8,"column":null}},"loc":{"start":{"line":8,"column":4},"end":{"line":11,"column":5}}},"1":{"name":"(anonymous_2)","decl":{"start":{"line":13,"column":11},"end":{"line":13,"column":21}},"loc":{"start":{"line":13,"column":38},"end":{"line":20,"column":5}}},"2":{"name":"(anonymous_3)","decl":{"start":{"line":22,"column":11},"end":{"line":22,"column":29}},"loc":{"start":{"line":22,"column":54},"end":{"line":28,"column":5}}}},"branchMap":{"0":{"loc":{"start":{"line":14,"column":8},"end":{"line":19,"column":null}},"type":"if","locations":[{"start":{"line":14,"column":8},"end":{"line":19,"column":null}},{"start":{"line":14,"column":8},"end":{"line":19,"column":null}}]},"1":{"loc":{"start":{"line":24,"column":8},"end":{"line":26,"column":null}},"type":"if","locations":[{"start":{"line":24,"column":8},"end":{"line":26,"column":null}},{"start":{"line":24,"column":8},"end":{"line":26,"column":null}}]},"2":{"loc":{"start":{"line":27,"column":43},"end":{"line":27,"column":67}},"type":"cond-expr","locations":[{"start":{"line":27,"column":43},"end":{"line":27,"column":67}},{"start":{"line":27,"column":69},"end":{"line":27,"column":71}}]}},"s":{"0":1,"1":8,"2":8,"3":6,"4":0,"5":6,"6":9,"7":9,"8":4,"9":9,"10":1},"f":{"0":8,"1":6,"2":9},"b":{"0":[0,6],"1":[4,5],"2":[8,1]}}
,"D:\\Documentos\\NuBank\\src\\TransactionEvaluator.ts": {"path":"D:\\Documentos\\NuBank\\src\\TransactionEvaluator.ts","statementMap":{"0":{"start":{"line":4,"column":0},"end":{"line":4,"column":80}},"1":{"start":{"line":5,"column":0},"end":{"line":5,"column":70}},"2":{"start":{"line":6,"column":0},"end":{"line":6,"column":80}},"3":{"start":{"line":7,"column":0},"end":{"line":7,"column":78}},"4":{"start":{"line":8,"column":0},"end":{"line":8,"column":78}},"5":{"start":{"line":13,"column":4},"end":{"line":13,"column":30}},"6":{"start":{"line":17,"column":8},"end":{"line":17,"column":53}},"7":{"start":{"line":18,"column":8},"end":{"line":18,"column":52}},"8":{"start":{"line":19,"column":8},"end":{"line":19,"column":48}},"9":{"start":{"line":20,"column":8},"end":{"line":20,"column":52}},"10":{"start":{"line":21,"column":8},"end":{"line":21,"column":53}},"11":{"start":{"line":25,"column":40},"end":{"line":25,"column":42}},"12":{"start":{"line":26,"column":8},"end":{"line":28,"column":11}},"13":{"start":{"line":27,"column":12},"end":{"line":27,"column":94}},"14":{"start":{"line":27,"column":53},"end":{"line":27,"column":94}},"15":{"start":{"line":29,"column":8},"end":{"line":29,"column":26}},"16":{"start":{"line":12,"column":0},"end":{"line":12,"column":21}}},"fnMap":{"0":{"name":"(anonymous_1)","decl":{"start":{"line":15,"column":4},"end":{"line":15,"column":null}},"loc":{"start":{"line":15,"column":4},"end":{"line":22,"column":5}}},"1":{"name":"(anonymous_2)","decl":{"start":{"line":24,"column":11},"end":{"line":24,"column":19}},"loc":{"start":{"line":24,"column":62},"end":{"line":30,"column":5}}},"2":{"name":"(anonymous_3)","decl":{"start":{"line":26,"column":28},"end":{"line":26,"column":32}},"loc":{"start":{"line":26,"column":35},"end":{"line":28,"column":9}}}},"branchMap":{"0":{"loc":{"start":{"line":27,"column":12},"end":{"line":27,"column":94}},"type":"if","locations":[{"start":{"line":27,"column":12},"end":{"line":27,"column":94}},{"start":{"line":27,"column":12},"end":{"line":27,"column":94}}]}},"s":{"0":2,"1":2,"2":2,"3":2,"4":2,"5":9,"6":9,"7":9,"8":9,"9":9,"10":9,"11":16,"12":16,"13":80,"14":12,"15":16,"16":2},"f":{"0":9,"1":16,"2":80},"b":{"0":[12,68]}}
,"D:\\Documentos\\NuBank\\src\\rules\\transaction\\AccountInitializedRule.ts": {"path":"D:\\Documentos\\NuBank\\src\\rules\\transaction\\AccountInitializedRule.ts","statementMap":{"0":{"start":{"line":7,"column":8},"end":{"line":9,"column":null}},"1":{"start":{"line":8,"column":12},"end":{"line":8,"column":null}},"2":{"start":{"line":10,"column":8},"end":{"line":10,"column":21}},"3":{"start":{"line":13,"column":8},"end":{"line":13,"column":41}},"4":{"start":{"line":5,"column":0},"end":{"line":5,"column":21}}},"fnMap":{"0":{"name":"(anonymous_0)","decl":{"start":{"line":6,"column":4},"end":{"line":6,"column":11}},"loc":{"start":{"line":6,"column":54},"end":{"line":11,"column":5}}},"1":{"name":"(anonymous_1)","decl":{"start":{"line":12,"column":4},"end":{"line":12,"column":20}},"loc":{"start":{"line":12,"column":20},"end":{"line":14,"column":5}}}},"branchMap":{"0":{"loc":{"start":{"line":7,"column":8},"end":{"line":9,"column":null}},"type":"if","locations":[{"start":{"line":7,"column":8},"end":{"line":9,"column":null}},{"start":{"line":7,"column":8},"end":{"line":9,"column":null}}]}},"s":{"0":18,"1":15,"2":3,"3":2,"4":3},"f":{"0":18,"1":2},"b":{"0":[15,3]}}
,"D:\\Documentos\\NuBank\\src\\rules\\transaction\\CardNotActiveRule.ts": {"path":"D:\\Documentos\\NuBank\\src\\rules\\transaction\\CardNotActiveRule.ts","statementMap":{"0":{"start":{"line":7,"column":8},"end":{"line":9,"column":null}},"1":{"start":{"line":8,"column":12},"end":{"line":8,"column":25}},"2":{"start":{"line":10,"column":8},"end":{"line":10,"column":20}},"3":{"start":{"line":13,"column":8},"end":{"line":13,"column":33}},"4":{"start":{"line":5,"column":0},"end":{"line":5,"column":21}}},"fnMap":{"0":{"name":"(anonymous_0)","decl":{"start":{"line":6,"column":4},"end":{"line":6,"column":11}},"loc":{"start":{"line":6,"column":54},"end":{"line":11,"column":5}}},"1":{"name":"(anonymous_1)","decl":{"start":{"line":12,"column":4},"end":{"line":12,"column":20}},"loc":{"start":{"line":12,"column":20},"end":{"line":14,"column":5}}}},"branchMap":{"0":{"loc":{"start":{"line":7,"column":8},"end":{"line":9,"column":null}},"type":"if","locations":[{"start":{"line":7,"column":8},"end":{"line":9,"column":null}},{"start":{"line":7,"column":8},"end":{"line":9,"column":null}}]},"1":{"loc":{"start":{"line":7,"column":12},"end":{"line":7,"column":19}},"type":"binary-expr","locations":[{"start":{"line":7,"column":12},"end":{"line":7,"column":19}},{"start":{"line":7,"column":23},"end":{"line":7,"column":42}}]}},"s":{"0":18,"1":3,"2":15,"3":2,"4":3},"f":{"0":18,"1":2},"b":{"0":[3,15],"1":[18,16]}}
,"D:\\Documentos\\NuBank\\src\\rules\\transaction\\DoubledTransactionRule.ts": {"path":"D:\\Documentos\\NuBank\\src\\rules\\transaction\\DoubledTransactionRule.ts","statementMap":{"0":{"start":{"line":4,"column":0},"end":{"line":4,"column":23}},"1":{"start":{"line":8,"column":22},"end":{"line":8,"column":48}},"2":{"start":{"line":9,"column":8},"end":{"line":9,"column":null}},"3":{"start":{"line":10,"column":34},"end":{"line":10,"column":214}},"4":{"start":{"line":10,"column":117},"end":{"line":10,"column":213}},"5":{"start":{"line":11,"column":8},"end":{"line":13,"column":null}},"6":{"start":{"line":12,"column":12},"end":{"line":12,"column":null}},"7":{"start":{"line":14,"column":8},"end":{"line":14,"column":21}},"8":{"start":{"line":17,"column":8},"end":{"line":17,"column":37}},"9":{"start":{"line":6,"column":0},"end":{"line":6,"column":21}}},"fnMap":{"0":{"name":"(anonymous_1)","decl":{"start":{"line":7,"column":4},"end":{"line":7,"column":11}},"loc":{"start":{"line":7,"column":54},"end":{"line":15,"column":5}}},"1":{"name":"(anonymous_2)","decl":{"start":{"line":10,"column":97},"end":{"line":10,"column":98}},"loc":{"start":{"line":10,"column":117},"end":{"line":10,"column":213}}},"2":{"name":"(anonymous_3)","decl":{"start":{"line":16,"column":4},"end":{"line":16,"column":20}},"loc":{"start":{"line":16,"column":20},"end":{"line":18,"column":5}}}},"branchMap":{"0":{"loc":{"start":{"line":10,"column":43},"end":{"line":10,"column":50}},"type":"binary-expr","locations":[{"start":{"line":10,"column":43},"end":{"line":10,"column":50}},{"start":{"line":10,"column":54},"end":{"line":10,"column":94}}]},"1":{"loc":{"start":{"line":10,"column":117},"end":{"line":10,"column":165}},"type":"binary-expr","locations":[{"start":{"line":10,"column":117},"end":{"line":10,"column":165}},{"start":{"line":10,"column":169},"end":{"line":10,"column":213}}]},"2":{"loc":{"start":{"line":11,"column":8},"end":{"line":13,"column":null}},"type":"if","locations":[{"start":{"line":11,"column":8},"end":{"line":13,"column":null}},{"start":{"line":11,"column":8},"end":{"line":13,"column":null}}]}},"s":{"0":3,"1":18,"2":18,"3":18,"4":11,"5":18,"6":14,"7":4,"8":3,"9":3},"f":{"0":18,"1":11,"2":3},"b":{"0":[18,16],"1":[11,11],"2":[14,4]}}
,"D:\\Documentos\\NuBank\\src\\rules\\transaction\\HighFreqSIntervalRule.ts": {"path":"D:\\Documentos\\NuBank\\src\\rules\\transaction\\HighFreqSIntervalRule.ts","statementMap":{"0":{"start":{"line":7,"column":22},"end":{"line":7,"column":48}},"1":{"start":{"line":8,"column":8},"end":{"line":8,"column":null}},"2":{"start":{"line":10,"column":8},"end":{"line":12,"column":null}},"3":{"start":{"line":11,"column":12},"end":{"line":11,"column":null}},"4":{"start":{"line":13,"column":8},"end":{"line":13,"column":20}},"5":{"start":{"line":16,"column":8},"end":{"line":16,"column":47}},"6":{"start":{"line":5,"column":0},"end":{"line":5,"column":21}}},"fnMap":{"0":{"name":"(anonymous_0)","decl":{"start":{"line":6,"column":4},"end":{"line":6,"column":11}},"loc":{"start":{"line":6,"column":54},"end":{"line":14,"column":5}}},"1":{"name":"(anonymous_1)","decl":{"start":{"line":15,"column":4},"end":{"line":15,"column":20}},"loc":{"start":{"line":15,"column":20},"end":{"line":17,"column":5}}}},"branchMap":{"0":{"loc":{"start":{"line":10,"column":8},"end":{"line":12,"column":null}},"type":"if","locations":[{"start":{"line":10,"column":8},"end":{"line":12,"column":null}},{"start":{"line":10,"column":8},"end":{"line":12,"column":null}}]},"1":{"loc":{"start":{"line":10,"column":12},"end":{"line":10,"column":19}},"type":"binary-expr","locations":[{"start":{"line":10,"column":12},"end":{"line":10,"column":19}},{"start":{"line":10,"column":23},"end":{"line":10,"column":75}}]}},"s":{"0":19,"1":19,"2":19,"3":4,"4":15,"5":3,"6":3},"f":{"0":19,"1":3},"b":{"0":[4,15],"1":[19,17]}}
,"D:\\Documentos\\NuBank\\src\\rules\\transaction\\InsufficientLimitRule.ts": {"path":"D:\\Documentos\\NuBank\\src\\rules\\transaction\\InsufficientLimitRule.ts","statementMap":{"0":{"start":{"line":7,"column":8},"end":{"line":9,"column":null}},"1":{"start":{"line":8,"column":12},"end":{"line":8,"column":null}},"2":{"start":{"line":10,"column":8},"end":{"line":10,"column":20}},"3":{"start":{"line":13,"column":8},"end":{"line":13,"column":36}},"4":{"start":{"line":5,"column":0},"end":{"line":5,"column":21}}},"fnMap":{"0":{"name":"(anonymous_0)","decl":{"start":{"line":6,"column":4},"end":{"line":6,"column":11}},"loc":{"start":{"line":6,"column":54},"end":{"line":11,"column":5}}},"1":{"name":"(anonymous_1)","decl":{"start":{"line":12,"column":4},"end":{"line":12,"column":20}},"loc":{"start":{"line":12,"column":20},"end":{"line":14,"column":5}}}},"branchMap":{"0":{"loc":{"start":{"line":7,"column":8},"end":{"line":9,"column":null}},"type":"if","locations":[{"start":{"line":7,"column":8},"end":{"line":9,"column":null}},{"start":{"line":7,"column":8},"end":{"line":9,"column":null}}]},"1":{"loc":{"start":{"line":7,"column":12},"end":{"line":7,"column":19}},"type":"binary-expr","locations":[{"start":{"line":7,"column":12},"end":{"line":7,"column":19}},{"start":{"line":7,"column":23},"end":{"line":7,"column":66}}]}},"s":{"0":18,"1":3,"2":15,"3":2,"4":3},"f":{"0":18,"1":2},"b":{"0":[3,15],"1":[18,16]}}
,"D:\\Documentos\\NuBank\\src\\types\\Account.ts": {"path":"D:\\Documentos\\NuBank\\src\\types\\Account.ts","statementMap":{"0":{"start":{"line":2,"column":0},"end":{"line":2,"column":23}},"1":{"start":{"line":11,"column":8},"end":{"line":11,"column":37}},"2":{"start":{"line":12,"column":8},"end":{"line":12,"column":45}},"3":{"start":{"line":13,"column":8},"end":{"line":13,"column":40}},"4":{"start":{"line":14,"column":8},"end":{"line":14,"column":53}},"5":{"start":{"line":18,"column":8},"end":{"line":18,"column":71}},"6":{"start":{"line":19,"column":8},"end":{"line":19,"column":44}},"7":{"start":{"line":23,"column":8},"end":{"line":23,"column":90}},"8":{"start":{"line":27,"column":8},"end":{"line":27,"column":88}},"9":{"start":{"line":27,"column":61},"end":{"line":27,"column":85}},"10":{"start":{"line":4,"column":0},"end":{"line":4,"column":21}}},"fnMap":{"0":{"name":"(anonymous_1)","decl":{"start":{"line":10,"column":4},"end":{"line":10,"column":16}},"loc":{"start":{"line":10,"column":59},"end":{"line":15,"column":5}}},"1":{"name":"(anonymous_2)","decl":{"start":{"line":17,"column":11},"end":{"line":17,"column":25}},"loc":{"start":{"line":17,"column":50},"end":{"line":20,"column":5}}},"2":{"name":"(anonymous_3)","decl":{"start":{"line":22,"column":11},"end":{"line":22,"column":20}},"loc":{"start":{"line":22,"column":20},"end":{"line":24,"column":5}}},"3":{"name":"(anonymous_4)","decl":{"start":{"line":26,"column":11},"end":{"line":26,"column":34}},"loc":{"start":{"line":26,"column":45},"end":{"line":28,"column":5}}},"4":{"name":"(anonymous_5)","decl":{"start":{"line":27,"column":44},"end":{"line":27,"column":45}},"loc":{"start":{"line":27,"column":61},"end":{"line":27,"column":85}}}},"branchMap":{},"s":{"0":8,"1":28,"2":28,"3":28,"4":28,"5":6,"6":6,"7":14,"8":34,"9":26,"10":8},"f":{"0":28,"1":6,"2":14,"3":34,"4":26},"b":{}}
,"D:\\Documentos\\NuBank\\src\\types\\Transaction.ts": {"path":"D:\\Documentos\\NuBank\\src\\types\\Transaction.ts","statementMap":{"0":{"start":{"line":6,"column":8},"end":{"line":6,"column":33}},"1":{"start":{"line":7,"column":8},"end":{"line":7,"column":29}},"2":{"start":{"line":8,"column":8},"end":{"line":8,"column":25}},"3":{"start":{"line":1,"column":0},"end":{"line":1,"column":21}}},"fnMap":{"0":{"name":"(anonymous_0)","decl":{"start":{"line":5,"column":4},"end":{"line":5,"column":16}},"loc":{"start":{"line":5,"column":60},"end":{"line":9,"column":5}}}},"branchMap":{},"s":{"0":39,"1":39,"2":39,"3":7},"f":{"0":39},"b":{}}
}
