TN:
SF:src\Authorizer.ts
FN:8,(anonymous_1)
FN:13,(anonymous_2)
FN:22,(anonymous_3)
FNF:3
FNH:3
FNDA:8,(anonymous_1)
FNDA:6,(anonymous_2)
FNDA:9,(anonymous_3)
DA:1,1
DA:5,1
DA:9,8
DA:10,8
DA:14,6
DA:15,0
DA:18,6
DA:23,9
DA:24,9
DA:25,4
DA:27,9
LF:11
LH:10
BRDA:14,0,0,0
BRDA:14,0,1,6
BRDA:24,1,0,4
BRDA:24,1,1,5
BRDA:27,2,0,8
BRDA:27,2,1,1
BRF:6
BRH:5
end_of_record
TN:
SF:src\TransactionEvaluator.ts
FN:15,(anonymous_1)
FN:24,(anonymous_2)
FN:26,(anonymous_3)
FNF:3
FNH:3
FNDA:9,(anonymous_1)
FNDA:16,(anonymous_2)
FNDA:80,(anonymous_3)
DA:4,2
DA:5,2
DA:6,2
DA:7,2
DA:8,2
DA:12,2
DA:13,9
DA:17,9
DA:18,9
DA:19,9
DA:20,9
DA:21,9
DA:25,16
DA:26,16
DA:27,80
DA:29,16
LF:16
LH:16
BRDA:27,0,0,12
BRDA:27,0,1,68
BRF:2
BRH:2
end_of_record
TN:
SF:src\rules\transaction\AccountInitializedRule.ts
FN:6,(anonymous_0)
FN:12,(anonymous_1)
FNF:2
FNH:2
FNDA:18,(anonymous_0)
FNDA:2,(anonymous_1)
DA:5,3
DA:7,18
DA:8,15
DA:10,3
DA:13,2
LF:5
LH:5
BRDA:7,0,0,15
BRDA:7,0,1,3
BRF:2
BRH:2
end_of_record
TN:
SF:src\rules\transaction\CardNotActiveRule.ts
FN:6,(anonymous_0)
FN:12,(anonymous_1)
FNF:2
FNH:2
FNDA:18,(anonymous_0)
FNDA:2,(anonymous_1)
DA:5,3
DA:7,18
DA:8,3
DA:10,15
DA:13,2
LF:5
LH:5
BRDA:7,0,0,3
BRDA:7,0,1,15
BRDA:7,1,0,18
BRDA:7,1,1,16
BRF:4
BRH:4
end_of_record
TN:
SF:src\rules\transaction\DoubledTransactionRule.ts
FN:7,(anonymous_1)
FN:10,(anonymous_2)
FN:16,(anonymous_3)
FNF:3
FNH:3
FNDA:18,(anonymous_1)
FNDA:11,(anonymous_2)
FNDA:3,(anonymous_3)
DA:4,3
DA:6,3
DA:8,18
DA:9,18
DA:10,18
DA:11,18
DA:12,14
DA:14,4
DA:17,3
LF:9
LH:9
BRDA:10,0,0,18
BRDA:10,0,1,16
BRDA:10,1,0,11
BRDA:10,1,1,11
BRDA:11,2,0,14
BRDA:11,2,1,4
BRF:6
BRH:6
end_of_record
TN:
SF:src\rules\transaction\HighFreqSIntervalRule.ts
FN:6,(anonymous_0)
FN:15,(anonymous_1)
FNF:2
FNH:2
FNDA:19,(anonymous_0)
FNDA:3,(anonymous_1)
DA:5,3
DA:7,19
DA:8,19
DA:10,19
DA:11,4
DA:13,15
DA:16,3
LF:7
LH:7
BRDA:10,0,0,4
BRDA:10,0,1,15
BRDA:10,1,0,19
BRDA:10,1,1,17
BRF:4
BRH:4
end_of_record
TN:
SF:src\rules\transaction\InsufficientLimitRule.ts
FN:6,(anonymous_0)
FN:12,(anonymous_1)
FNF:2
FNH:2
FNDA:18,(anonymous_0)
FNDA:2,(anonymous_1)
DA:5,3
DA:7,18
DA:8,3
DA:10,15
DA:13,2
LF:5
LH:5
BRDA:7,0,0,3
BRDA:7,0,1,15
BRDA:7,1,0,18
BRDA:7,1,1,16
BRF:4
BRH:4
end_of_record
TN:
SF:src\types\Account.ts
FN:10,(anonymous_1)
FN:17,(anonymous_2)
FN:22,(anonymous_3)
FN:26,(anonymous_4)
FN:27,(anonymous_5)
FNF:5
FNH:5
FNDA:28,(anonymous_1)
FNDA:6,(anonymous_2)
FNDA:14,(anonymous_3)
FNDA:34,(anonymous_4)
FNDA:26,(anonymous_5)
DA:2,8
DA:4,8
DA:11,28
DA:12,28
DA:13,28
DA:14,28
DA:18,6
DA:19,6
DA:23,14
DA:27,34
LF:10
LH:10
BRF:0
BRH:0
end_of_record
TN:
SF:src\types\Transaction.ts
FN:5,(anonymous_0)
FNF:1
FNH:1
FNDA:39,(anonymous_0)
DA:1,7
DA:6,39
DA:7,39
DA:8,39
LF:4
LH:4
BRF:0
BRH:0
end_of_record
